<?xml version="1.0" encoding="UTF-8"?>
<testng-results ignored="0" total="1" passed="1" failed="0" skipped="0">
  <reporter-output>
  </reporter-output>
  <suite started-at="2025-06-06T17:01:38 IST" name="Default suite" finished-at="2025-06-06T17:03:25 IST" duration-ms="106541">
    <groups>
    </groups>
    <test started-at="2025-06-06T17:01:38 IST" name="Default test" finished-at="2025-06-06T17:03:25 IST" duration-ms="106541">
      <class name="newbike.dummy">
        <test-method signature="chrome()[pri:0, instance:newbike.dummy@3c419631]" started-at="2025-06-06T17:01:38 IST" name="chrome" finished-at="2025-06-06T17:03:25 IST" duration-ms="106515" status="PASS">
          <reporter-output>
          </reporter-output>
        </test-method> <!-- chrome -->
      </class> <!-- newbike.dummy -->
    </test> <!-- Default test -->
  </suite> <!-- Default suite -->
</testng-results>
