<?xml version="1.0" encoding="UTF-8"?>
<testng-results ignored="0" total="1" passed="1" failed="0" skipped="0">
  <reporter-output>
  </reporter-output>
  <suite started-at="2025-06-06T12:21:02 IST" name="Default suite" finished-at="2025-06-06T12:22:17 IST" duration-ms="75687">
    <groups>
    </groups>
    <test started-at="2025-06-06T12:21:02 IST" name="Default test" finished-at="2025-06-06T12:22:17 IST" duration-ms="75687">
      <class name="newbike.Bike">
        <test-method signature="chrome()[pri:0, instance:newbike.Bike@3c419631]" started-at="2025-06-06T12:21:02 IST" name="chrome" finished-at="2025-06-06T12:22:17 IST" duration-ms="75660" status="PASS">
          <reporter-output>
          </reporter-output>
        </test-method> <!-- chrome -->
      </class> <!-- newbike.Bike -->
    </test> <!-- Default test -->
  </suite> <!-- Default suite -->
</testng-results>
